<?xml version="1.0" encoding="UTF-8"?>
<!-- Generated by org.testng.reporters.JUnitReportReporter -->
<testsuite hostname="macbookpros-MacBook-Pro.local" failures="0" tests="4" name="Operations" time="17.363" errors="0" timestamp="2025-04-06T20:27:42 EDT" skipped="0">
  <testcase classname="Operations" name="OpenAvito" time="4.599">
    <system-out>
      <![CDATA[Ouverture du site avito]]>
    </system-out>
  </testcase> <!-- OpenAvito -->
  <testcase classname="Operations" name="LoginAvito" time="4.349">
    <system-out>
      <![CDATA[Connexion OK dans le site AVITO ]]>
    </system-out>
  </testcase> <!-- LoginAvito -->
  <testcase classname="Operations" name="FindCar" time="8.016">
    <system-out>
      <![CDATA[La recherche est bien lancée]]>
    </system-out>
  </testcase> <!-- FindCar -->
  <testcase classname="Operations" name="CloseAvito" time="0.399">
    <system-out>
      <![CDATA[Merci pour votre visite a la prochaine bay]]>
    </system-out>
  </testcase> <!-- CloseAvito -->
  <system-out>
    <![CDATA[Ouverture du site avito
Connexion OK dans le site AVITO 
La recherche est bien lancée
Merci pour votre visite a la prochaine bay]]>
  </system-out>
</testsuite> <!-- Operations -->
