<?xml version="1.0" encoding="UTF-8"?>
<!-- Generated by org.testng.reporters.JUnitReportReporter -->
<testsuite hostname="macbookpros-MacBook-Pro.local" failures="0" tests="4" name="Operations" time="20.533" errors="0" timestamp="2025-02-22T20:14:01 EST" skipped="0">
  <testcase classname="Operations" name="OpenAvito" time="8.271">
    <system-out>
      <![CDATA[Ouverture du site avito]]>
    </system-out>
  </testcase> <!-- OpenAvito -->
  <testcase classname="Operations" name="LoginAvito" time="2.957">
    <system-out>
      <![CDATA[Connexion OK dans le site AVITO ]]>
    </system-out>
  </testcase> <!-- LoginAvito -->
  <testcase classname="Operations" name="FindCar" time="8.633">
    <system-out>
      <![CDATA[La recherche est bien lancée]]>
    </system-out>
  </testcase> <!-- FindCar -->
  <testcase classname="Operations" name="CloseAvito" time="0.672">
    <system-out>
      <![CDATA[Merci pour votre visite a la prochaine bay]]>
    </system-out>
  </testcase> <!-- CloseAvito -->
  <system-out>
    <![CDATA[Ouverture du site avito
Connexion OK dans le site AVITO 
La recherche est bien lancée
Merci pour votre visite a la prochaine bay]]>
  </system-out>
</testsuite> <!-- Operations -->
