<?xml version="1.0" encoding="UTF-8"?>
<!-- Generated by org.testng.reporters.JUnitReportReporter -->
<testsuite hostname="macbookpros-MacBook-Pro.local" failures="0" tests="3" name="Operations" time="9.223" errors="0" timestamp="2025-01-10T21:24:15 EST" skipped="0">
  <testcase classname="Operations" name="OpenAvito" time="5.270">
    <system-out>
      <![CDATA[Ouverture du site avito]]>
    </system-out>
  </testcase> <!-- OpenAvito -->
  <testcase classname="Operations" name="LoginAvito" time="3.550">
    <system-out>
      <![CDATA[Connexion OK dans le site]]>
    </system-out>
  </testcase> <!-- LoginAvito -->
  <testcase classname="Operations" name="CloseAvito" time="0.403">
    <system-out>
      <![CDATA[Merci pour votre visite]]>
    </system-out>
  </testcase> <!-- CloseAvito -->
  <system-out>
    <![CDATA[Ouverture du site avito
Connexion OK dans le site
Merci pour votre visite]]>
  </system-out>
</testsuite> <!-- Operations -->
