<?xml version="1.0" encoding="UTF-8"?>
<!-- Generated by org.testng.reporters.JUnitReportReporter -->
<testsuite hostname="macbookpros-MacBook-Pro.local" failures="0" tests="2" name="Operations" time="9.150" errors="0" timestamp="2025-01-05T19:50:44 EST" skipped="0">
  <testcase classname="Operations" name="OpenAvito" time="6.409">
    <system-out>
      <![CDATA[Ouverture du site avito]]>
    </system-out>
  </testcase> <!-- OpenAvito -->
  <testcase classname="Operations" name="LoginAvito" time="2.741">
    <system-out>
      <![CDATA[Connexion OK]]>
    </system-out>
  </testcase> <!-- LoginAvito -->
  <system-out>
    <![CDATA[Ouverture du site avito
Connexion OK]]>
  </system-out>
</testsuite> <!-- Operations -->
