<?xml version="1.0" encoding="UTF-8"?>
<!-- Generated by org.testng.reporters.JUnitReportReporter -->
<testsuite hostname="macbookpros-MacBook-Pro.local" failures="0" tests="3" name="Operations" time="9.918" errors="0" timestamp="2025-02-01T19:07:55 EST" skipped="0">
  <testcase classname="Operations" name="OpenAvito" time="4.813">
    <system-out>
      <![CDATA[Ouverture du site avito]]>
    </system-out>
  </testcase> <!-- OpenAvito -->
  <testcase classname="Operations" name="LoginAvito" time="4.684">
    <system-out>
      <![CDATA[Connexion OK dans le site]]>
    </system-out>
  </testcase> <!-- LoginAvito -->
  <testcase classname="Operations" name="CloseAvito" time="0.421">
    <system-out>
      <![CDATA[Merci pour votre visite a la prochaine fois]]>
    </system-out>
  </testcase> <!-- CloseAvito -->
  <system-out>
    <![CDATA[Ouverture du site avito
Connexion OK dans le site
Merci pour votre visite a la prochaine fois]]>
  </system-out>
</testsuite> <!-- Operations -->
