<?xml version="1.0" encoding="UTF-8"?>
<!-- Generated by org.testng.reporters.JUnitReportReporter -->
<testsuite hostname="macbookpros-MBP.cogeco.local" failures="0" tests="3" name="Operations" time="8.353" errors="0" timestamp="2025-02-19T10:50:02 EST" skipped="0">
  <testcase classname="Operations" name="OpenAvito" time="0.307">
    <system-out>
      <![CDATA[Ouverture du site avito]]>
    </system-out>
  </testcase> <!-- OpenAvito -->
  <testcase classname="Operations" name="LoginAvito" time="7.724">
    <system-out>
      <![CDATA[Connexion OK dans le site]]>
    </system-out>
  </testcase> <!-- LoginAvito -->
  <testcase classname="Operations" name="CloseAvito" time="0.322">
    <system-out>
      <![CDATA[Merci pour votre visite a la prochaine bay]]>
    </system-out>
  </testcase> <!-- CloseAvito -->
  <system-out>
    <![CDATA[Ouverture du site avito
Connexion OK dans le site
Merci pour votre visite a la prochaine bay]]>
  </system-out>
</testsuite> <!-- Operations -->
