<?xml version="1.0" encoding="UTF-8"?>
<!-- Generated by org.testng.reporters.JUnitReportReporter -->
<testsuite hostname="macbookpros-MBP.cogeco.local" failures="0" tests="4" name="Operations" time="18.034" errors="0" timestamp="2025-03-24T14:13:08 EDT" skipped="0">
  <testcase classname="Operations" name="OpenAvito" time="6.108">
    <system-out>
      <![CDATA[Ouverture du site avito]]>
    </system-out>
  </testcase> <!-- OpenAvito -->
  <testcase classname="Operations" name="LoginAvito" time="3.052">
    <system-out>
      <![CDATA[Connexion OK dans le site AVITO ]]>
    </system-out>
  </testcase> <!-- LoginAvito -->
  <testcase classname="Operations" name="FindCar" time="8.468">
    <system-out>
      <![CDATA[La recherche est bien lancée]]>
    </system-out>
  </testcase> <!-- FindCar -->
  <testcase classname="Operations" name="CloseAvito" time="0.406">
    <system-out>
      <![CDATA[Merci pour votre visite a la prochaine bay]]>
    </system-out>
  </testcase> <!-- CloseAvito -->
  <system-out>
    <![CDATA[Ouverture du site avito
Connexion OK dans le site AVITO 
La recherche est bien lancée
Merci pour votre visite a la prochaine bay]]>
  </system-out>
</testsuite> <!-- Operations -->
